# JRE version: OpenJDK Runtime Environment Temurin-17.0.4.1+1 (17.0.4.1+1) (build 17.0.4.1+1)
# Java VM: OpenJDK 64-Bit Server VM Temurin-17.0.4.1+1 (17.0.4.1+1, mixed mode, tiered, compressed oops, compressed class ptrs, parallel gc, windows-amd64)
GC Precious Log:
 CPUs: 24 total, 24 available
 Memory: 16087M
 Large Page Support: Disabled
 NUMA Support: Disabled
 Compressed Oops: Enabled (32-bit)
 Alignments: Space 512K, Generation 512K, Heap 2M
 Heap Min Capacity: 100M
 Heap Initial Capacity: 100M
 Heap Max Capacity: 1G
 Pre-touch: Disabled
 Parallel Workers: 18
Heap:
 PSYoungGen      total 9216K, used 2047K [0x00000000eab00000, 0x00000000ebe00000, 0x0000000100000000)
  eden space 7168K, 0% used [0x00000000eab00000,0x00000000eab00000,0x00000000eb200000)
  from space 2048K, 99% used [0x00000000eb700000,0x00000000eb8ffcb0,0x00000000eb900000)
  to   space 5120K, 0% used [0x00000000eb200000,0x00000000eb200000,0x00000000eb700000)
 ParOldGen       total 91648K, used 90250K [0x00000000c0000000, 0x00000000c5980000, 0x00000000eab00000)
  object space 91648K, 98% used [0x00000000c0000000,0x00000000c5822b28,0x00000000c5980000)
 Metaspace       used 50884K, committed 51712K, reserved 1097728K
  class space    used 5331K, committed 5696K, reserved 1048576K
GC Heap History (20 events):
Event: 6.462 GC heap after
{Heap after GC invocations=40 (full 3):
 PSYoungGen      total 17408K, used 3967K [0x00000000eab00000, 0x00000000ec300000, 0x0000000100000000)
  eden space 13312K, 0% used [0x00000000eab00000,0x00000000eab00000,0x00000000eb800000)
  from space 4096K, 96% used [0x00000000ebf00000,0x00000000ec2dfd98,0x00000000ec300000)
  to   space 5120K, 0% used [0x00000000eb900000,0x00000000eb900000,0x00000000ebe00000)
 ParOldGen       total 91648K, used 62278K [0x00000000c0000000, 0x00000000c5980000, 0x00000000eab00000)
  object space 91648K, 67% used [0x00000000c0000000,0x00000000c3cd1a38,0x00000000c5980000)
 Metaspace       used 50875K, committed 51712K, reserved 1097728K
  class space    used 5331K, committed 5696K, reserved 1048576K
}
Event: 6.486 GC heap before
{Heap before GC invocations=41 (full 3):
 PSYoungGen      total 17408K, used 17279K [0x00000000eab00000, 0x00000000ec300000, 0x0000000100000000)
  eden space 13312K, 100% used [0x00000000eab00000,0x00000000eb800000,0x00000000eb800000)
  from space 4096K, 96% used [0x00000000ebf00000,0x00000000ec2dfd98,0x00000000ec300000)
  to   space 5120K, 0% used [0x00000000eb900000,0x00000000eb900000,0x00000000ebe00000)
 ParOldGen       total 91648K, used 62278K [0x00000000c0000000, 0x00000000c5980000, 0x00000000eab00000)
  object space 91648K, 67% used [0x00000000c0000000,0x00000000c3cd1a38,0x00000000c5980000)
 Metaspace       used 50880K, committed 51712K, reserved 1097728K
  class space    used 5331K, committed 5696K, reserved 1048576K
}
Event: 6.490 GC heap after
{Heap after GC invocations=41 (full 3):
 PSYoungGen      total 17408K, used 3623K [0x00000000eab00000, 0x00000000ec000000, 0x0000000100000000)
  eden space 13312K, 0% used [0x00000000eab00000,0x00000000eab00000,0x00000000eb800000)
  from space 4096K, 88% used [0x00000000eb900000,0x00000000ebc89e20,0x00000000ebd00000)
  to   space 3072K, 0% used [0x00000000ebd00000,0x00000000ebd00000,0x00000000ec000000)
 ParOldGen       total 91648K, used 65971K [0x00000000c0000000, 0x00000000c5980000, 0x00000000eab00000)
  object space 91648K, 71% used [0x00000000c0000000,0x00000000c406cef8,0x00000000c5980000)
 Metaspace       used 50880K, committed 51712K, reserved 1097728K
  class space    used 5331K, committed 5696K, reserved 1048576K
}
Event: 6.514 GC heap before
{Heap before GC invocations=42 (full 3):
 PSYoungGen      total 17408K, used 16935K [0x00000000eab00000, 0x00000000ec000000, 0x0000000100000000)
  eden space 13312K, 100% used [0x00000000eab00000,0x00000000eb800000,0x00000000eb800000)
  from space 4096K, 88% used [0x00000000eb900000,0x00000000ebc89e20,0x00000000ebd00000)
  to   space 3072K, 0% used [0x00000000ebd00000,0x00000000ebd00000,0x00000000ec000000)
 ParOldGen       total 91648K, used 65971K [0x00000000c0000000, 0x00000000c5980000, 0x00000000eab00000)
  object space 91648K, 71% used [0x00000000c0000000,0x00000000c406cef8,0x00000000c5980000)
 Metaspace       used 50881K, committed 51712K, reserved 1097728K
  class space    used 5331K, committed 5696K, reserved 1048576K
}
Event: 6.517 GC heap after
{Heap after GC invocations=42 (full 3):
 PSYoungGen      total 14336K, used 3063K [0x00000000eab00000, 0x00000000ec600000, 0x0000000100000000)
  eden space 11264K, 0% used [0x00000000eab00000,0x00000000eab00000,0x00000000eb600000)
  from space 3072K, 99% used [0x00000000ebd00000,0x00000000ebffdd68,0x00000000ec000000)
  to   space 7168K, 0% used [0x00000000eb600000,0x00000000eb600000,0x00000000ebd00000)
 ParOldGen       total 91648K, used 69422K [0x00000000c0000000, 0x00000000c5980000, 0x00000000eab00000)
  object space 91648K, 75% used [0x00000000c0000000,0x00000000c43cb800,0x00000000c5980000)
 Metaspace       used 50881K, committed 51712K, reserved 1097728K
  class space    used 5331K, committed 5696K, reserved 1048576K
}
Event: 6.538 GC heap before
{Heap before GC invocations=43 (full 3):
 PSYoungGen      total 14336K, used 14327K [0x00000000eab00000, 0x00000000ec600000, 0x0000000100000000)
  eden space 11264K, 100% used [0x00000000eab00000,0x00000000eb600000,0x00000000eb600000)
  from space 3072K, 99% used [0x00000000ebd00000,0x00000000ebffdd68,0x00000000ec000000)
  to   space 7168K, 0% used [0x00000000eb600000,0x00000000eb600000,0x00000000ebd00000)
 ParOldGen       total 91648K, used 69422K [0x00000000c0000000, 0x00000000c5980000, 0x00000000eab00000)
  object space 91648K, 75% used [0x00000000c0000000,0x00000000c43cb800,0x00000000c5980000)
 Metaspace       used 50881K, committed 51712K, reserved 1097728K
  class space    used 5331K, committed 5696K, reserved 1048576K
}
Event: 6.541 GC heap after
{Heap after GC invocations=43 (full 3):
 PSYoungGen      total 14336K, used 3025K [0x00000000eab00000, 0x00000000ebf00000, 0x0000000100000000)
  eden space 11264K, 0% used [0x00000000eab00000,0x00000000eab00000,0x00000000eb600000)
  from space 3072K, 98% used [0x00000000eb600000,0x00000000eb8f4438,0x00000000eb900000)
  to   space 4608K, 0% used [0x00000000eba80000,0x00000000eba80000,0x00000000ebf00000)
 ParOldGen       total 91648K, used 72450K [0x00000000c0000000, 0x00000000c5980000, 0x00000000eab00000)
  object space 91648K, 79% used [0x00000000c0000000,0x00000000c46c0958,0x00000000c5980000)
 Metaspace       used 50881K, committed 51712K, reserved 1097728K
  class space    used 5331K, committed 5696K, reserved 1048576K
}
Event: 6.565 GC heap before
{Heap before GC invocations=44 (full 3):
 PSYoungGen      total 14336K, used 14289K [0x00000000eab00000, 0x00000000ebf00000, 0x0000000100000000)
  eden space 11264K, 100% used [0x00000000eab00000,0x00000000eb600000,0x00000000eb600000)
  from space 3072K, 98% used [0x00000000eb600000,0x00000000eb8f4438,0x00000000eb900000)
  to   space 4608K, 0% used [0x00000000eba80000,0x00000000eba80000,0x00000000ebf00000)
 ParOldGen       total 91648K, used 72450K [0x00000000c0000000, 0x00000000c5980000, 0x00000000eab00000)
  object space 91648K, 79% used [0x00000000c0000000,0x00000000c46c0958,0x00000000c5980000)
 Metaspace       used 50881K, committed 51712K, reserved 1097728K
  class space    used 5331K, committed 5696K, reserved 1048576K
}
Event: 6.567 GC heap after
{Heap after GC invocations=44 (full 3):
 PSYoungGen      total 14336K, used 2864K [0x00000000eab00000, 0x00000000ebd80000, 0x0000000100000000)
  eden space 11264K, 0% used [0x00000000eab00000,0x00000000eab00000,0x00000000eb600000)
  from space 3072K, 93% used [0x00000000eba80000,0x00000000ebd4c330,0x00000000ebd80000)
  to   space 3584K, 0% used [0x00000000eb680000,0x00000000eb680000,0x00000000eba00000)
 ParOldGen       total 91648K, used 75312K [0x00000000c0000000, 0x00000000c5980000, 0x00000000eab00000)
  object space 91648K, 82% used [0x00000000c0000000,0x00000000c498c080,0x00000000c5980000)
 Metaspace       used 50881K, committed 51712K, reserved 1097728K
  class space    used 5331K, committed 5696K, reserved 1048576K
}
Event: 6.588 GC heap before
{Heap before GC invocations=45 (full 3):
 PSYoungGen      total 14336K, used 14128K [0x00000000eab00000, 0x00000000ebd80000, 0x0000000100000000)
  eden space 11264K, 100% used [0x00000000eab00000,0x00000000eb600000,0x00000000eb600000)
  from space 3072K, 93% used [0x00000000eba80000,0x00000000ebd4c330,0x00000000ebd80000)
  to   space 3584K, 0% used [0x00000000eb680000,0x00000000eb680000,0x00000000eba00000)
 ParOldGen       total 91648K, used 75312K [0x00000000c0000000, 0x00000000c5980000, 0x00000000eab00000)
  object space 91648K, 82% used [0x00000000c0000000,0x00000000c498c080,0x00000000c5980000)
 Metaspace       used 50881K, committed 51712K, reserved 1097728K
  class space    used 5331K, committed 5696K, reserved 1048576K
}
Event: 6.590 GC heap after
{Heap after GC invocations=45 (full 3):
 PSYoungGen      total 14336K, used 2713K [0x00000000eab00000, 0x00000000ebc00000, 0x0000000100000000)
  eden space 11264K, 0% used [0x00000000eab00000,0x00000000eab00000,0x00000000eb600000)
  from space 3072K, 88% used [0x00000000eb680000,0x00000000eb9265e0,0x00000000eb980000)
  to   space 2560K, 0% used [0x00000000eb980000,0x00000000eb980000,0x00000000ebc00000)
 ParOldGen       total 91648K, used 77911K [0x00000000c0000000, 0x00000000c5980000, 0x00000000eab00000)
  object space 91648K, 85% used [0x00000000c0000000,0x00000000c4c15ec8,0x00000000c5980000)
 Metaspace       used 50881K, committed 51712K, reserved 1097728K
  class space    used 5331K, committed 5696K, reserved 1048576K
}
Event: 6.611 GC heap before
{Heap before GC invocations=46 (full 3):
 PSYoungGen      total 14336K, used 13977K [0x00000000eab00000, 0x00000000ebc00000, 0x0000000100000000)
  eden space 11264K, 100% used [0x00000000eab00000,0x00000000eb600000,0x00000000eb600000)
  from space 3072K, 88% used [0x00000000eb680000,0x00000000eb9265e0,0x00000000eb980000)
  to   space 2560K, 0% used [0x00000000eb980000,0x00000000eb980000,0x00000000ebc00000)
 ParOldGen       total 91648K, used 77911K [0x00000000c0000000, 0x00000000c5980000, 0x00000000eab00000)
  object space 91648K, 85% used [0x00000000c0000000,0x00000000c4c15ec8,0x00000000c5980000)
 Metaspace       used 50881K, committed 51712K, reserved 1097728K
  class space    used 5331K, committed 5696K, reserved 1048576K
}
Event: 6.613 GC heap after
{Heap after GC invocations=46 (full 3):
 PSYoungGen      total 11776K, used 2534K [0x00000000eab00000, 0x00000000ec100000, 0x0000000100000000)
  eden space 9216K, 0% used [0x00000000eab00000,0x00000000eab00000,0x00000000eb400000)
  from space 2560K, 99% used [0x00000000eb980000,0x00000000ebbf9bc8,0x00000000ebc00000)
  to   space 5632K, 0% used [0x00000000eb400000,0x00000000eb400000,0x00000000eb980000)
 ParOldGen       total 91648K, used 80551K [0x00000000c0000000, 0x00000000c5980000, 0x00000000eab00000)
  object space 91648K, 87% used [0x00000000c0000000,0x00000000c4ea9d00,0x00000000c5980000)
 Metaspace       used 50881K, committed 51712K, reserved 1097728K
  class space    used 5331K, committed 5696K, reserved 1048576K
}
Event: 6.631 GC heap before
{Heap before GC invocations=47 (full 3):
 PSYoungGen      total 11776K, used 11750K [0x00000000eab00000, 0x00000000ec100000, 0x0000000100000000)
  eden space 9216K, 100% used [0x00000000eab00000,0x00000000eb400000,0x00000000eb400000)
  from space 2560K, 99% used [0x00000000eb980000,0x00000000ebbf9bc8,0x00000000ebc00000)
  to   space 5632K, 0% used [0x00000000eb400000,0x00000000eb400000,0x00000000eb980000)
 ParOldGen       total 91648K, used 80551K [0x00000000c0000000, 0x00000000c5980000, 0x00000000eab00000)
  object space 91648K, 87% used [0x00000000c0000000,0x00000000c4ea9d00,0x00000000c5980000)
 Metaspace       used 50881K, committed 51712K, reserved 1097728K
  class space    used 5331K, committed 5696K, reserved 1048576K
}
Event: 6.633 GC heap after
{Heap after GC invocations=47 (full 3):
 PSYoungGen      total 11776K, used 2431K [0x00000000eab00000, 0x00000000ebb00000, 0x0000000100000000)
  eden space 9216K, 0% used [0x00000000eab00000,0x00000000eab00000,0x00000000eb400000)
  from space 2560K, 94% used [0x00000000eb400000,0x00000000eb65ff80,0x00000000eb680000)
  to   space 3584K, 0% used [0x00000000eb780000,0x00000000eb780000,0x00000000ebb00000)
 ParOldGen       total 91648K, used 83092K [0x00000000c0000000, 0x00000000c5980000, 0x00000000eab00000)
  object space 91648K, 90% used [0x00000000c0000000,0x00000000c5125020,0x00000000c5980000)
 Metaspace       used 50881K, committed 51712K, reserved 1097728K
  class space    used 5331K, committed 5696K, reserved 1048576K
}
Event: 6.652 GC heap before
{Heap before GC invocations=48 (full 3):
 PSYoungGen      total 11776K, used 11647K [0x00000000eab00000, 0x00000000ebb00000, 0x0000000100000000)
  eden space 9216K, 100% used [0x00000000eab00000,0x00000000eb400000,0x00000000eb400000)
  from space 2560K, 94% used [0x00000000eb400000,0x00000000eb65ff80,0x00000000eb680000)
  to   space 3584K, 0% used [0x00000000eb780000,0x00000000eb780000,0x00000000ebb00000)
 ParOldGen       total 91648K, used 83092K [0x00000000c0000000, 0x00000000c5980000, 0x00000000eab00000)
  object space 91648K, 90% used [0x00000000c0000000,0x00000000c5125020,0x00000000c5980000)
 Metaspace       used 50884K, committed 51712K, reserved 1097728K
  class space    used 5331K, committed 5696K, reserved 1048576K
}
Event: 6.654 GC heap after
{Heap after GC invocations=48 (full 3):
 PSYoungGen      total 12288K, used 2603K [0x00000000eab00000, 0x00000000eba80000, 0x0000000100000000)
  eden space 9216K, 0% used [0x00000000eab00000,0x00000000eab00000,0x00000000eb400000)
  from space 3072K, 84% used [0x00000000eb780000,0x00000000eba0ad68,0x00000000eba80000)
  to   space 3072K, 0% used [0x00000000eb480000,0x00000000eb480000,0x00000000eb780000)
 ParOldGen       total 91648K, used 85332K [0x00000000c0000000, 0x00000000c5980000, 0x00000000eab00000)
  object space 91648K, 93% used [0x00000000c0000000,0x00000000c53553c8,0x00000000c5980000)
 Metaspace       used 50884K, committed 51712K, reserved 1097728K
  class space    used 5331K, committed 5696K, reserved 1048576K
}
Event: 6.672 GC heap before
{Heap before GC invocations=49 (full 3):
 PSYoungGen      total 12288K, used 11806K [0x00000000eab00000, 0x00000000eba80000, 0x0000000100000000)
  eden space 9216K, 99% used [0x00000000eab00000,0x00000000eb3fcb40,0x00000000eb400000)
  from space 3072K, 84% used [0x00000000eb780000,0x00000000eba0ad68,0x00000000eba80000)
  to   space 3072K, 0% used [0x00000000eb480000,0x00000000eb480000,0x00000000eb780000)
 ParOldGen       total 91648K, used 85332K [0x00000000c0000000, 0x00000000c5980000, 0x00000000eab00000)
  object space 91648K, 93% used [0x00000000c0000000,0x00000000c53553c8,0x00000000c5980000)
 Metaspace       used 50884K, committed 51712K, reserved 1097728K
  class space    used 5331K, committed 5696K, reserved 1048576K
}
Event: 6.674 GC heap after
{Heap after GC invocations=49 (full 3):
 PSYoungGen      total 11776K, used 2455K [0x00000000eab00000, 0x00000000eb900000, 0x0000000100000000)
  eden space 9216K, 0% used [0x00000000eab00000,0x00000000eab00000,0x00000000eb400000)
  from space 2560K, 95% used [0x00000000eb480000,0x00000000eb6e5cd8,0x00000000eb700000)
  to   space 2048K, 0% used [0x00000000eb700000,0x00000000eb700000,0x00000000eb900000)
 ParOldGen       total 91648K, used 87737K [0x00000000c0000000, 0x00000000c5980000, 0x00000000eab00000)
  object space 91648K, 95% used [0x00000000c0000000,0x00000000c55ae778,0x00000000c5980000)
 Metaspace       used 50884K, committed 51712K, reserved 1097728K
  class space    used 5331K, committed 5696K, reserved 1048576K
}
Event: 6.692 GC heap before
{Heap before GC invocations=50 (full 3):
 PSYoungGen      total 11776K, used 11671K [0x00000000eab00000, 0x00000000eb900000, 0x0000000100000000)
  eden space 9216K, 100% used [0x00000000eab00000,0x00000000eb400000,0x00000000eb400000)
  from space 2560K, 95% used [0x00000000eb480000,0x00000000eb6e5cd8,0x00000000eb700000)
  to   space 2048K, 0% used [0x00000000eb700000,0x00000000eb700000,0x00000000eb900000)
 ParOldGen       total 91648K, used 87737K [0x00000000c0000000, 0x00000000c5980000, 0x00000000eab00000)
  object space 91648K, 95% used [0x00000000c0000000,0x00000000c55ae778,0x00000000c5980000)
 Metaspace       used 50884K, committed 51712K, reserved 1097728K
  class space    used 5331K, committed 5696K, reserved 1048576K
}

