# JRE version: OpenJDK Runtime Environment Temurin-17.0.4.1+1 (17.0.4.1+1) (build 17.0.4.1+1)
# Java VM: OpenJDK 64-Bit Server VM Temurin-17.0.4.1+1 (17.0.4.1+1, mixed mode, tiered, compressed oops, compressed class ptrs, parallel gc, windows-amd64)
GC Precious Log:
 CPUs: 24 total, 24 available
 Memory: 16087M
 Large Page Support: Disabled
 NUMA Support: Disabled
 Compressed Oops: Enabled (32-bit)
 Alignments: Space 512K, Generation 512K, Heap 2M
 Heap Min Capacity: 100M
 Heap Initial Capacity: 100M
 Heap Max Capacity: 1G
 Pre-touch: Disabled
 Parallel Workers: 18
Heap:
 PSYoungGen      total 12288K, used 12252K [0x00000000eab00000, 0x00000000eb980000, 0x0000000100000000)
  eden space 9728K, 100% used [0x00000000eab00000,0x00000000eb480000,0x00000000eb480000)
  from space 2560K, 98% used [0x00000000eb500000,0x00000000eb777210,0x00000000eb780000)
  to   space 2048K, 0% used [0x00000000eb780000,0x00000000eb780000,0x00000000eb980000)
 ParOldGen       total 144896K, used 127626K [0x00000000c0000000, 0x00000000c8d80000, 0x00000000eab00000)
  object space 144896K, 88% used [0x00000000c0000000,0x00000000c7ca28f0,0x00000000c8d80000)
 Metaspace       used 55251K, committed 56064K, reserved 1105920K
  class space    used 5894K, committed 6272K, reserved 1048576K
GC Heap History (20 events):
Event: 15.950 GC heap after
{Heap after GC invocations=52 (full 4):
 PSYoungGen      total 11264K, used 1525K [0x00000000eab00000, 0x00000000ebf00000, 0x0000000100000000)
  eden space 9728K, 0% used [0x00000000eab00000,0x00000000eab00000,0x00000000eb480000)
  from space 1536K, 99% used [0x00000000eb980000,0x00000000ebafd6c8,0x00000000ebb00000)
  to   space 5120K, 0% used [0x00000000eb480000,0x00000000eb480000,0x00000000eb980000)
 ParOldGen       total 119808K, used 107672K [0x00000000c0000000, 0x00000000c7500000, 0x00000000eab00000)
  object space 119808K, 89% used [0x00000000c0000000,0x00000000c6926060,0x00000000c7500000)
 Metaspace       used 55221K, committed 56064K, reserved 1105920K
  class space    used 5891K, committed 6272K, reserved 1048576K
}
Event: 15.974 GC heap before
{Heap before GC invocations=53 (full 4):
 PSYoungGen      total 11264K, used 11253K [0x00000000eab00000, 0x00000000ebf00000, 0x0000000100000000)
  eden space 9728K, 100% used [0x00000000eab00000,0x00000000eb480000,0x00000000eb480000)
  from space 1536K, 99% used [0x00000000eb980000,0x00000000ebafd6c8,0x00000000ebb00000)
  to   space 5120K, 0% used [0x00000000eb480000,0x00000000eb480000,0x00000000eb980000)
 ParOldGen       total 119808K, used 107672K [0x00000000c0000000, 0x00000000c7500000, 0x00000000eab00000)
  object space 119808K, 89% used [0x00000000c0000000,0x00000000c6926060,0x00000000c7500000)
 Metaspace       used 55221K, committed 56064K, reserved 1105920K
  class space    used 5891K, committed 6272K, reserved 1048576K
}
Event: 15.976 GC heap after
{Heap after GC invocations=53 (full 4):
 PSYoungGen      total 12800K, used 2719K [0x00000000eab00000, 0x00000000ebb80000, 0x0000000100000000)
  eden space 9728K, 0% used [0x00000000eab00000,0x00000000eab00000,0x00000000eb480000)
  from space 3072K, 88% used [0x00000000eb480000,0x00000000eb727f80,0x00000000eb780000)
  to   space 3584K, 0% used [0x00000000eb800000,0x00000000eb800000,0x00000000ebb80000)
 ParOldGen       total 119808K, used 109242K [0x00000000c0000000, 0x00000000c7500000, 0x00000000eab00000)
  object space 119808K, 91% used [0x00000000c0000000,0x00000000c6aaeb68,0x00000000c7500000)
 Metaspace       used 55221K, committed 56064K, reserved 1105920K
  class space    used 5891K, committed 6272K, reserved 1048576K
}
Event: 16.002 GC heap before
{Heap before GC invocations=54 (full 4):
 PSYoungGen      total 12800K, used 12447K [0x00000000eab00000, 0x00000000ebb80000, 0x0000000100000000)
  eden space 9728K, 100% used [0x00000000eab00000,0x00000000eb480000,0x00000000eb480000)
  from space 3072K, 88% used [0x00000000eb480000,0x00000000eb727f80,0x00000000eb780000)
  to   space 3584K, 0% used [0x00000000eb800000,0x00000000eb800000,0x00000000ebb80000)
 ParOldGen       total 119808K, used 109242K [0x00000000c0000000, 0x00000000c7500000, 0x00000000eab00000)
  object space 119808K, 91% used [0x00000000c0000000,0x00000000c6aaeb68,0x00000000c7500000)
 Metaspace       used 55221K, committed 56064K, reserved 1105920K
  class space    used 5891K, committed 6272K, reserved 1048576K
}
Event: 16.005 GC heap after
{Heap after GC invocations=54 (full 4):
 PSYoungGen      total 12288K, used 2483K [0x00000000eab00000, 0x00000000eba80000, 0x0000000100000000)
  eden space 9728K, 0% used [0x00000000eab00000,0x00000000eab00000,0x00000000eb480000)
  from space 2560K, 97% used [0x00000000eb800000,0x00000000eba6cd58,0x00000000eba80000)
  to   space 3072K, 0% used [0x00000000eb480000,0x00000000eb480000,0x00000000eb780000)
 ParOldGen       total 119808K, used 111657K [0x00000000c0000000, 0x00000000c7500000, 0x00000000eab00000)
  object space 119808K, 93% used [0x00000000c0000000,0x00000000c6d0a4c0,0x00000000c7500000)
 Metaspace       used 55221K, committed 56064K, reserved 1105920K
  class space    used 5891K, committed 6272K, reserved 1048576K
}
Event: 16.032 GC heap before
{Heap before GC invocations=55 (full 4):
 PSYoungGen      total 12288K, used 12211K [0x00000000eab00000, 0x00000000eba80000, 0x0000000100000000)
  eden space 9728K, 100% used [0x00000000eab00000,0x00000000eb480000,0x00000000eb480000)
  from space 2560K, 97% used [0x00000000eb800000,0x00000000eba6cd58,0x00000000eba80000)
  to   space 3072K, 0% used [0x00000000eb480000,0x00000000eb480000,0x00000000eb780000)
 ParOldGen       total 119808K, used 111657K [0x00000000c0000000, 0x00000000c7500000, 0x00000000eab00000)
  object space 119808K, 93% used [0x00000000c0000000,0x00000000c6d0a4c0,0x00000000c7500000)
 Metaspace       used 55221K, committed 56064K, reserved 1105920K
  class space    used 5891K, committed 6272K, reserved 1048576K
}
Event: 16.035 GC heap after
{Heap after GC invocations=55 (full 4):
 PSYoungGen      total 12288K, used 2498K [0x00000000eab00000, 0x00000000eb980000, 0x0000000100000000)
  eden space 9728K, 0% used [0x00000000eab00000,0x00000000eab00000,0x00000000eb480000)
  from space 2560K, 97% used [0x00000000eb480000,0x00000000eb6f08a0,0x00000000eb700000)
  to   space 2560K, 0% used [0x00000000eb700000,0x00000000eb700000,0x00000000eb980000)
 ParOldGen       total 119808K, used 114046K [0x00000000c0000000, 0x00000000c7500000, 0x00000000eab00000)
  object space 119808K, 95% used [0x00000000c0000000,0x00000000c6f5f9f0,0x00000000c7500000)
 Metaspace       used 55221K, committed 56064K, reserved 1105920K
  class space    used 5891K, committed 6272K, reserved 1048576K
}
Event: 16.057 GC heap before
{Heap before GC invocations=56 (full 4):
 PSYoungGen      total 12288K, used 12226K [0x00000000eab00000, 0x00000000eb980000, 0x0000000100000000)
  eden space 9728K, 100% used [0x00000000eab00000,0x00000000eb480000,0x00000000eb480000)
  from space 2560K, 97% used [0x00000000eb480000,0x00000000eb6f08a0,0x00000000eb700000)
  to   space 2560K, 0% used [0x00000000eb700000,0x00000000eb700000,0x00000000eb980000)
 ParOldGen       total 119808K, used 114046K [0x00000000c0000000, 0x00000000c7500000, 0x00000000eab00000)
  object space 119808K, 95% used [0x00000000c0000000,0x00000000c6f5f9f0,0x00000000c7500000)
 Metaspace       used 55222K, committed 56064K, reserved 1105920K
  class space    used 5891K, committed 6272K, reserved 1048576K
}
Event: 16.060 GC heap after
{Heap after GC invocations=56 (full 4):
 PSYoungGen      total 12288K, used 2458K [0x00000000eab00000, 0x00000000eb980000, 0x0000000100000000)
  eden space 9728K, 0% used [0x00000000eab00000,0x00000000eab00000,0x00000000eb480000)
  from space 2560K, 96% used [0x00000000eb700000,0x00000000eb9668e0,0x00000000eb980000)
  to   space 2560K, 0% used [0x00000000eb480000,0x00000000eb480000,0x00000000eb700000)
 ParOldGen       total 119808K, used 116307K [0x00000000c0000000, 0x00000000c7500000, 0x00000000eab00000)
  object space 119808K, 97% used [0x00000000c0000000,0x00000000c7194fb8,0x00000000c7500000)
 Metaspace       used 55222K, committed 56064K, reserved 1105920K
  class space    used 5891K, committed 6272K, reserved 1048576K
}
Event: 16.081 GC heap before
{Heap before GC invocations=57 (full 4):
 PSYoungGen      total 12288K, used 12186K [0x00000000eab00000, 0x00000000eb980000, 0x0000000100000000)
  eden space 9728K, 100% used [0x00000000eab00000,0x00000000eb480000,0x00000000eb480000)
  from space 2560K, 96% used [0x00000000eb700000,0x00000000eb9668e0,0x00000000eb980000)
  to   space 2560K, 0% used [0x00000000eb480000,0x00000000eb480000,0x00000000eb700000)
 ParOldGen       total 119808K, used 116307K [0x00000000c0000000, 0x00000000c7500000, 0x00000000eab00000)
  object space 119808K, 97% used [0x00000000c0000000,0x00000000c7194fb8,0x00000000c7500000)
 Metaspace       used 55222K, committed 56064K, reserved 1105920K
  class space    used 5891K, committed 6272K, reserved 1048576K
}
Event: 16.083 GC heap after
{Heap after GC invocations=57 (full 4):
 PSYoungGen      total 12288K, used 2431K [0x00000000eab00000, 0x00000000eb980000, 0x0000000100000000)
  eden space 9728K, 0% used [0x00000000eab00000,0x00000000eab00000,0x00000000eb480000)
  from space 2560K, 94% used [0x00000000eb480000,0x00000000eb6dfd50,0x00000000eb700000)
  to   space 2560K, 0% used [0x00000000eb700000,0x00000000eb700000,0x00000000eb980000)
 ParOldGen       total 119808K, used 118554K [0x00000000c0000000, 0x00000000c7500000, 0x00000000eab00000)
  object space 119808K, 98% used [0x00000000c0000000,0x00000000c73c6908,0x00000000c7500000)
 Metaspace       used 55222K, committed 56064K, reserved 1105920K
  class space    used 5891K, committed 6272K, reserved 1048576K
}
Event: 16.083 GC heap before
{Heap before GC invocations=58 (full 5):
 PSYoungGen      total 12288K, used 2431K [0x00000000eab00000, 0x00000000eb980000, 0x0000000100000000)
  eden space 9728K, 0% used [0x00000000eab00000,0x00000000eab00000,0x00000000eb480000)
  from space 2560K, 94% used [0x00000000eb480000,0x00000000eb6dfd50,0x00000000eb700000)
  to   space 2560K, 0% used [0x00000000eb700000,0x00000000eb700000,0x00000000eb980000)
 ParOldGen       total 119808K, used 118554K [0x00000000c0000000, 0x00000000c7500000, 0x00000000eab00000)
  object space 119808K, 98% used [0x00000000c0000000,0x00000000c73c6908,0x00000000c7500000)
 Metaspace       used 55222K, committed 56064K, reserved 1105920K
  class space    used 5891K, committed 6272K, reserved 1048576K
}
Event: 16.127 GC heap after
{Heap after GC invocations=58 (full 5):
 PSYoungGen      total 12288K, used 0K [0x00000000eab00000, 0x00000000eb980000, 0x0000000100000000)
  eden space 9728K, 0% used [0x00000000eab00000,0x00000000eab00000,0x00000000eb480000)
  from space 2560K, 0% used [0x00000000eb700000,0x00000000eb700000,0x00000000eb980000)
  to   space 2560K, 0% used [0x00000000eb480000,0x00000000eb480000,0x00000000eb700000)
 ParOldGen       total 144896K, used 118407K [0x00000000c0000000, 0x00000000c8d80000, 0x00000000eab00000)
  object space 144896K, 81% used [0x00000000c0000000,0x00000000c73a1f98,0x00000000c8d80000)
 Metaspace       used 55222K, committed 56064K, reserved 1105920K
  class space    used 5891K, committed 6272K, reserved 1048576K
}
Event: 16.150 GC heap before
{Heap before GC invocations=59 (full 5):
 PSYoungGen      total 12288K, used 9728K [0x00000000eab00000, 0x00000000eb980000, 0x0000000100000000)
  eden space 9728K, 100% used [0x00000000eab00000,0x00000000eb480000,0x00000000eb480000)
  from space 2560K, 0% used [0x00000000eb700000,0x00000000eb700000,0x00000000eb980000)
  to   space 2560K, 0% used [0x00000000eb480000,0x00000000eb480000,0x00000000eb700000)
 ParOldGen       total 144896K, used 118407K [0x00000000c0000000, 0x00000000c8d80000, 0x00000000eab00000)
  object space 144896K, 81% used [0x00000000c0000000,0x00000000c73a1f98,0x00000000c8d80000)
 Metaspace       used 55223K, committed 56064K, reserved 1105920K
  class space    used 5891K, committed 6272K, reserved 1048576K
}
Event: 16.152 GC heap after
{Heap after GC invocations=59 (full 5):
 PSYoungGen      total 12288K, used 2539K [0x00000000eab00000, 0x00000000eba80000, 0x0000000100000000)
  eden space 9728K, 0% used [0x00000000eab00000,0x00000000eab00000,0x00000000eb480000)
  from space 2560K, 99% used [0x00000000eb480000,0x00000000eb6fadb8,0x00000000eb700000)
  to   space 3072K, 0% used [0x00000000eb780000,0x00000000eb780000,0x00000000eba80000)
 ParOldGen       total 144896K, used 118422K [0x00000000c0000000, 0x00000000c8d80000, 0x00000000eab00000)
  object space 144896K, 81% used [0x00000000c0000000,0x00000000c73a5948,0x00000000c8d80000)
 Metaspace       used 55223K, committed 56064K, reserved 1105920K
  class space    used 5891K, committed 6272K, reserved 1048576K
}
Event: 16.174 GC heap before
{Heap before GC invocations=60 (full 5):
 PSYoungGen      total 12288K, used 12267K [0x00000000eab00000, 0x00000000eba80000, 0x0000000100000000)
  eden space 9728K, 100% used [0x00000000eab00000,0x00000000eb480000,0x00000000eb480000)
  from space 2560K, 99% used [0x00000000eb480000,0x00000000eb6fadb8,0x00000000eb700000)
  to   space 3072K, 0% used [0x00000000eb780000,0x00000000eb780000,0x00000000eba80000)
 ParOldGen       total 144896K, used 118422K [0x00000000c0000000, 0x00000000c8d80000, 0x00000000eab00000)
  object space 144896K, 81% used [0x00000000c0000000,0x00000000c73a5948,0x00000000c8d80000)
 Metaspace       used 55223K, committed 56064K, reserved 1105920K
  class space    used 5891K, committed 6272K, reserved 1048576K
}
Event: 16.176 GC heap after
{Heap after GC invocations=60 (full 5):
 PSYoungGen      total 12800K, used 2630K [0x00000000eab00000, 0x00000000eba80000, 0x0000000100000000)
  eden space 9728K, 0% used [0x00000000eab00000,0x00000000eab00000,0x00000000eb480000)
  from space 3072K, 85% used [0x00000000eb780000,0x00000000eba11928,0x00000000eba80000)
  to   space 3072K, 0% used [0x00000000eb480000,0x00000000eb480000,0x00000000eb780000)
 ParOldGen       total 144896K, used 120713K [0x00000000c0000000, 0x00000000c8d80000, 0x00000000eab00000)
  object space 144896K, 83% used [0x00000000c0000000,0x00000000c75e2408,0x00000000c8d80000)
 Metaspace       used 55223K, committed 56064K, reserved 1105920K
  class space    used 5891K, committed 6272K, reserved 1048576K
}
Event: 16.198 GC heap before
{Heap before GC invocations=61 (full 5):
 PSYoungGen      total 12800K, used 12358K [0x00000000eab00000, 0x00000000eba80000, 0x0000000100000000)
  eden space 9728K, 100% used [0x00000000eab00000,0x00000000eb480000,0x00000000eb480000)
  from space 3072K, 85% used [0x00000000eb780000,0x00000000eba11928,0x00000000eba80000)
  to   space 3072K, 0% used [0x00000000eb480000,0x00000000eb480000,0x00000000eb780000)
 ParOldGen       total 144896K, used 120713K [0x00000000c0000000, 0x00000000c8d80000, 0x00000000eab00000)
  object space 144896K, 83% used [0x00000000c0000000,0x00000000c75e2408,0x00000000c8d80000)
 Metaspace       used 55223K, committed 56064K, reserved 1105920K
  class space    used 5891K, committed 6272K, reserved 1048576K
}
Event: 16.201 GC heap after
{Heap after GC invocations=61 (full 5):
 PSYoungGen      total 12800K, used 2534K [0x00000000eab00000, 0x00000000eba80000, 0x0000000100000000)
  eden space 9728K, 0% used [0x00000000eab00000,0x00000000eab00000,0x00000000eb480000)
  from space 3072K, 82% used [0x00000000eb480000,0x00000000eb6f9b58,0x00000000eb780000)
  to   space 3072K, 0% used [0x00000000eb780000,0x00000000eb780000,0x00000000eba80000)
 ParOldGen       total 144896K, used 123021K [0x00000000c0000000, 0x00000000c8d80000, 0x00000000eab00000)
  object space 144896K, 84% used [0x00000000c0000000,0x00000000c7823680,0x00000000c8d80000)
 Metaspace       used 55223K, committed 56064K, reserved 1105920K
  class space    used 5891K, committed 6272K, reserved 1048576K
}
Event: 16.221 GC heap before
{Heap before GC invocations=62 (full 5):
 PSYoungGen      total 12800K, used 12262K [0x00000000eab00000, 0x00000000eba80000, 0x0000000100000000)
  eden space 9728K, 100% used [0x00000000eab00000,0x00000000eb480000,0x00000000eb480000)
  from space 3072K, 82% used [0x00000000eb480000,0x00000000eb6f9b58,0x00000000eb780000)
  to   space 3072K, 0% used [0x00000000eb780000,0x00000000eb780000,0x00000000eba80000)
 ParOldGen       total 144896K, used 123021K [0x00000000c0000000, 0x00000000c8d80000, 0x00000000eab00000)
  object space 144896K, 84% used [0x00000000c0000000,0x00000000c7823680,0x00000000c8d80000)
 Metaspace       used 55223K, committed 56064K, reserved 1105920K
  class space    used 5891K, committed 6272K, reserved 1048576K
}

