# JRE version: OpenJDK Runtime Environment Temurin-17.0.4.1+1 (17.0.4.1+1) (build 17.0.4.1+1)
# Java VM: OpenJDK 64-Bit Server VM Temurin-17.0.4.1+1 (17.0.4.1+1, mixed mode, tiered, compressed oops, compressed class ptrs, parallel gc, windows-amd64)
GC Precious Log:
 CPUs: 24 total, 24 available
 Memory: 16087M
 Large Page Support: Disabled
 NUMA Support: Disabled
 Compressed Oops: Enabled (32-bit)
 Alignments: Space 512K, Generation 512K, Heap 2M
 Heap Min Capacity: 100M
 Heap Initial Capacity: 100M
 Heap Max Capacity: 1G
 Pre-touch: Disabled
 Parallel Workers: 18
Heap:
 PSYoungGen      total 17920K, used 13422K [0x00000000eab00000, 0x00000000ec700000, 0x0000000100000000)
  eden space 14336K, 68% used [0x00000000eab00000,0x00000000eb49c250,0x00000000eb900000)
  from space 3584K, 99% used [0x00000000eb900000,0x00000000ebc7f760,0x00000000ebc80000)
  to   space 7168K, 0% used [0x00000000ec000000,0x00000000ec000000,0x00000000ec700000)
 ParOldGen       total 68608K, used 51419K [0x00000000c0000000, 0x00000000c4300000, 0x00000000eab00000)
  object space 68608K, 74% used [0x00000000c0000000,0x00000000c3236c68,0x00000000c4300000)
 Metaspace       used 51505K, committed 52352K, reserved 1097728K
  class space    used 5405K, committed 5760K, reserved 1048576K
GC Heap History (20 events):
Event: 4.354 GC heap before
{Heap before GC invocations=24 (full 2):
 PSYoungGen      total 23552K, used 23360K [0x00000000eab00000, 0x00000000ec480000, 0x0000000100000000)
  eden space 20992K, 100% used [0x00000000eab00000,0x00000000ebf80000,0x00000000ebf80000)
  from space 2560K, 92% used [0x00000000ebf80000,0x00000000ec1d0000,0x00000000ec200000)
  to   space 2560K, 0% used [0x00000000ec200000,0x00000000ec200000,0x00000000ec480000)
 ParOldGen       total 68608K, used 29928K [0x00000000c0000000, 0x00000000c4300000, 0x00000000eab00000)
  object space 68608K, 43% used [0x00000000c0000000,0x00000000c1d3a388,0x00000000c4300000)
 Metaspace       used 47415K, committed 48256K, reserved 1097728K
  class space    used 5022K, committed 5376K, reserved 1048576K
}
Event: 4.356 GC heap after
{Heap after GC invocations=24 (full 2):
 PSYoungGen      total 23552K, used 2235K [0x00000000eab00000, 0x00000000ec480000, 0x0000000100000000)
  eden space 20992K, 0% used [0x00000000eab00000,0x00000000eab00000,0x00000000ebf80000)
  from space 2560K, 87% used [0x00000000ec200000,0x00000000ec42ed10,0x00000000ec480000)
  to   space 2560K, 0% used [0x00000000ebf80000,0x00000000ebf80000,0x00000000ec200000)
 ParOldGen       total 68608K, used 32032K [0x00000000c0000000, 0x00000000c4300000, 0x00000000eab00000)
  object space 68608K, 46% used [0x00000000c0000000,0x00000000c1f48388,0x00000000c4300000)
 Metaspace       used 47415K, committed 48256K, reserved 1097728K
  class space    used 5022K, committed 5376K, reserved 1048576K
}
Event: 4.824 GC heap before
{Heap before GC invocations=25 (full 2):
 PSYoungGen      total 23552K, used 23227K [0x00000000eab00000, 0x00000000ec480000, 0x0000000100000000)
  eden space 20992K, 100% used [0x00000000eab00000,0x00000000ebf80000,0x00000000ebf80000)
  from space 2560K, 87% used [0x00000000ec200000,0x00000000ec42ed10,0x00000000ec480000)
  to   space 2560K, 0% used [0x00000000ebf80000,0x00000000ebf80000,0x00000000ec200000)
 ParOldGen       total 68608K, used 32032K [0x00000000c0000000, 0x00000000c4300000, 0x00000000eab00000)
  object space 68608K, 46% used [0x00000000c0000000,0x00000000c1f48388,0x00000000c4300000)
 Metaspace       used 47677K, committed 48512K, reserved 1097728K
  class space    used 5029K, committed 5376K, reserved 1048576K
}
Event: 4.826 GC heap after
{Heap after GC invocations=25 (full 2):
 PSYoungGen      total 22016K, used 640K [0x00000000eab00000, 0x00000000ec280000, 0x0000000100000000)
  eden space 20992K, 0% used [0x00000000eab00000,0x00000000eab00000,0x00000000ebf80000)
  from space 1024K, 62% used [0x00000000ebf80000,0x00000000ec020000,0x00000000ec080000)
  to   space 1536K, 0% used [0x00000000ec100000,0x00000000ec100000,0x00000000ec280000)
 ParOldGen       total 68608K, used 34008K [0x00000000c0000000, 0x00000000c4300000, 0x00000000eab00000)
  object space 68608K, 49% used [0x00000000c0000000,0x00000000c21363f0,0x00000000c4300000)
 Metaspace       used 47677K, committed 48512K, reserved 1097728K
  class space    used 5029K, committed 5376K, reserved 1048576K
}
Event: 5.052 GC heap before
{Heap before GC invocations=26 (full 2):
 PSYoungGen      total 22016K, used 21632K [0x00000000eab00000, 0x00000000ec280000, 0x0000000100000000)
  eden space 20992K, 100% used [0x00000000eab00000,0x00000000ebf80000,0x00000000ebf80000)
  from space 1024K, 62% used [0x00000000ebf80000,0x00000000ec020000,0x00000000ec080000)
  to   space 1536K, 0% used [0x00000000ec100000,0x00000000ec100000,0x00000000ec280000)
 ParOldGen       total 68608K, used 34008K [0x00000000c0000000, 0x00000000c4300000, 0x00000000eab00000)
  object space 68608K, 49% used [0x00000000c0000000,0x00000000c21363f0,0x00000000c4300000)
 Metaspace       used 48538K, committed 49344K, reserved 1097728K
  class space    used 5098K, committed 5440K, reserved 1048576K
}
Event: 5.054 GC heap after
{Heap after GC invocations=26 (full 2):
 PSYoungGen      total 19968K, used 1536K [0x00000000eab00000, 0x00000000ec780000, 0x0000000100000000)
  eden space 18432K, 0% used [0x00000000eab00000,0x00000000eab00000,0x00000000ebd00000)
  from space 1536K, 100% used [0x00000000ec100000,0x00000000ec280000,0x00000000ec280000)
  to   space 4096K, 0% used [0x00000000ebd00000,0x00000000ebd00000,0x00000000ec100000)
 ParOldGen       total 68608K, used 36005K [0x00000000c0000000, 0x00000000c4300000, 0x00000000eab00000)
  object space 68608K, 52% used [0x00000000c0000000,0x00000000c2329440,0x00000000c4300000)
 Metaspace       used 48538K, committed 49344K, reserved 1097728K
  class space    used 5098K, committed 5440K, reserved 1048576K
}
Event: 5.130 GC heap before
{Heap before GC invocations=27 (full 2):
 PSYoungGen      total 19968K, used 19968K [0x00000000eab00000, 0x00000000ec780000, 0x0000000100000000)
  eden space 18432K, 100% used [0x00000000eab00000,0x00000000ebd00000,0x00000000ebd00000)
  from space 1536K, 100% used [0x00000000ec100000,0x00000000ec280000,0x00000000ec280000)
  to   space 4096K, 0% used [0x00000000ebd00000,0x00000000ebd00000,0x00000000ec100000)
 ParOldGen       total 68608K, used 36005K [0x00000000c0000000, 0x00000000c4300000, 0x00000000eab00000)
  object space 68608K, 52% used [0x00000000c0000000,0x00000000c2329440,0x00000000c4300000)
 Metaspace       used 48664K, committed 49472K, reserved 1097728K
  class space    used 5099K, committed 5440K, reserved 1048576K
}
Event: 5.131 GC heap after
{Heap after GC invocations=27 (full 2):
 PSYoungGen      total 20480K, used 1664K [0x00000000eab00000, 0x00000000ec200000, 0x0000000100000000)
  eden space 18432K, 0% used [0x00000000eab00000,0x00000000eab00000,0x00000000ebd00000)
  from space 2048K, 81% used [0x00000000ebd00000,0x00000000ebea0000,0x00000000ebf00000)
  to   space 2560K, 0% used [0x00000000ebf80000,0x00000000ebf80000,0x00000000ec200000)
 ParOldGen       total 68608K, used 37321K [0x00000000c0000000, 0x00000000c4300000, 0x00000000eab00000)
  object space 68608K, 54% used [0x00000000c0000000,0x00000000c24726a8,0x00000000c4300000)
 Metaspace       used 48664K, committed 49472K, reserved 1097728K
  class space    used 5099K, committed 5440K, reserved 1048576K
}
Event: 5.457 GC heap before
{Heap before GC invocations=28 (full 2):
 PSYoungGen      total 20480K, used 20096K [0x00000000eab00000, 0x00000000ec200000, 0x0000000100000000)
  eden space 18432K, 100% used [0x00000000eab00000,0x00000000ebd00000,0x00000000ebd00000)
  from space 2048K, 81% used [0x00000000ebd00000,0x00000000ebea0000,0x00000000ebf00000)
  to   space 2560K, 0% used [0x00000000ebf80000,0x00000000ebf80000,0x00000000ec200000)
 ParOldGen       total 68608K, used 37321K [0x00000000c0000000, 0x00000000c4300000, 0x00000000eab00000)
  object space 68608K, 54% used [0x00000000c0000000,0x00000000c24726a8,0x00000000c4300000)
 Metaspace       used 49693K, committed 50560K, reserved 1097728K
  class space    used 5236K, committed 5568K, reserved 1048576K
}
Event: 5.459 GC heap after
{Heap after GC invocations=28 (full 2):
 PSYoungGen      total 20480K, used 1680K [0x00000000eab00000, 0x00000000ec180000, 0x0000000100000000)
  eden space 18432K, 0% used [0x00000000eab00000,0x00000000eab00000,0x00000000ebd00000)
  from space 2048K, 82% used [0x00000000ebf80000,0x00000000ec124010,0x00000000ec180000)
  to   space 2048K, 0% used [0x00000000ebd00000,0x00000000ebd00000,0x00000000ebf00000)
 ParOldGen       total 68608K, used 38754K [0x00000000c0000000, 0x00000000c4300000, 0x00000000eab00000)
  object space 68608K, 56% used [0x00000000c0000000,0x00000000c25d8b30,0x00000000c4300000)
 Metaspace       used 49693K, committed 50560K, reserved 1097728K
  class space    used 5236K, committed 5568K, reserved 1048576K
}
Event: 5.831 GC heap before
{Heap before GC invocations=29 (full 2):
 PSYoungGen      total 20480K, used 20111K [0x00000000eab00000, 0x00000000ec180000, 0x0000000100000000)
  eden space 18432K, 99% used [0x00000000eab00000,0x00000000ebcfff90,0x00000000ebd00000)
  from space 2048K, 82% used [0x00000000ebf80000,0x00000000ec124010,0x00000000ec180000)
  to   space 2048K, 0% used [0x00000000ebd00000,0x00000000ebd00000,0x00000000ebf00000)
 ParOldGen       total 68608K, used 38754K [0x00000000c0000000, 0x00000000c4300000, 0x00000000eab00000)
  object space 68608K, 56% used [0x00000000c0000000,0x00000000c25d8b30,0x00000000c4300000)
 Metaspace       used 51160K, committed 52096K, reserved 1097728K
  class space    used 5384K, committed 5760K, reserved 1048576K
}
Event: 5.832 GC heap after
{Heap after GC invocations=29 (full 2):
 PSYoungGen      total 20480K, used 1504K [0x00000000eab00000, 0x00000000ec100000, 0x0000000100000000)
  eden space 18432K, 0% used [0x00000000eab00000,0x00000000eab00000,0x00000000ebd00000)
  from space 2048K, 73% used [0x00000000ebd00000,0x00000000ebe78000,0x00000000ebf00000)
  to   space 2048K, 0% used [0x00000000ebf00000,0x00000000ebf00000,0x00000000ec100000)
 ParOldGen       total 68608K, used 40141K [0x00000000c0000000, 0x00000000c4300000, 0x00000000eab00000)
  object space 68608K, 58% used [0x00000000c0000000,0x00000000c27337d0,0x00000000c4300000)
 Metaspace       used 51160K, committed 52096K, reserved 1097728K
  class space    used 5384K, committed 5760K, reserved 1048576K
}
Event: 5.932 GC heap before
{Heap before GC invocations=30 (full 2):
 PSYoungGen      total 20480K, used 19936K [0x00000000eab00000, 0x00000000ec100000, 0x0000000100000000)
  eden space 18432K, 100% used [0x00000000eab00000,0x00000000ebd00000,0x00000000ebd00000)
  from space 2048K, 73% used [0x00000000ebd00000,0x00000000ebe78000,0x00000000ebf00000)
  to   space 2048K, 0% used [0x00000000ebf00000,0x00000000ebf00000,0x00000000ec100000)
 ParOldGen       total 68608K, used 40141K [0x00000000c0000000, 0x00000000c4300000, 0x00000000eab00000)
  object space 68608K, 58% used [0x00000000c0000000,0x00000000c27337d0,0x00000000c4300000)
 Metaspace       used 51393K, committed 52288K, reserved 1097728K
  class space    used 5395K, committed 5760K, reserved 1048576K
}
Event: 5.934 GC heap after
{Heap after GC invocations=30 (full 2):
 PSYoungGen      total 16384K, used 2042K [0x00000000eab00000, 0x00000000ec900000, 0x0000000100000000)
  eden space 14336K, 0% used [0x00000000eab00000,0x00000000eab00000,0x00000000eb900000)
  from space 2048K, 99% used [0x00000000ebf00000,0x00000000ec0fe9b8,0x00000000ec100000)
  to   space 6144K, 0% used [0x00000000eb900000,0x00000000eb900000,0x00000000ebf00000)
 ParOldGen       total 68608K, used 43245K [0x00000000c0000000, 0x00000000c4300000, 0x00000000eab00000)
  object space 68608K, 63% used [0x00000000c0000000,0x00000000c2a3b438,0x00000000c4300000)
 Metaspace       used 51393K, committed 52288K, reserved 1097728K
  class space    used 5395K, committed 5760K, reserved 1048576K
}
Event: 5.977 GC heap before
{Heap before GC invocations=31 (full 2):
 PSYoungGen      total 16384K, used 16378K [0x00000000eab00000, 0x00000000ec900000, 0x0000000100000000)
  eden space 14336K, 100% used [0x00000000eab00000,0x00000000eb900000,0x00000000eb900000)
  from space 2048K, 99% used [0x00000000ebf00000,0x00000000ec0fe9b8,0x00000000ec100000)
  to   space 6144K, 0% used [0x00000000eb900000,0x00000000eb900000,0x00000000ebf00000)
 ParOldGen       total 68608K, used 43245K [0x00000000c0000000, 0x00000000c4300000, 0x00000000eab00000)
  object space 68608K, 63% used [0x00000000c0000000,0x00000000c2a3b438,0x00000000c4300000)
 Metaspace       used 51476K, committed 52352K, reserved 1097728K
  class space    used 5404K, committed 5760K, reserved 1048576K
}
Event: 5.979 GC heap after
{Heap after GC invocations=31 (full 2):
 PSYoungGen      total 17920K, used 3571K [0x00000000eab00000, 0x00000000ec200000, 0x0000000100000000)
  eden space 14336K, 0% used [0x00000000eab00000,0x00000000eab00000,0x00000000eb900000)
  from space 3584K, 99% used [0x00000000eb900000,0x00000000ebc7cfc0,0x00000000ebc80000)
  to   space 4608K, 0% used [0x00000000ebd80000,0x00000000ebd80000,0x00000000ec200000)
 ParOldGen       total 68608K, used 45208K [0x00000000c0000000, 0x00000000c4300000, 0x00000000eab00000)
  object space 68608K, 65% used [0x00000000c0000000,0x00000000c2c260f0,0x00000000c4300000)
 Metaspace       used 51476K, committed 52352K, reserved 1097728K
  class space    used 5404K, committed 5760K, reserved 1048576K
}
Event: 6.011 GC heap before
{Heap before GC invocations=32 (full 2):
 PSYoungGen      total 17920K, used 17907K [0x00000000eab00000, 0x00000000ec200000, 0x0000000100000000)
  eden space 14336K, 100% used [0x00000000eab00000,0x00000000eb900000,0x00000000eb900000)
  from space 3584K, 99% used [0x00000000eb900000,0x00000000ebc7cfc0,0x00000000ebc80000)
  to   space 4608K, 0% used [0x00000000ebd80000,0x00000000ebd80000,0x00000000ec200000)
 ParOldGen       total 68608K, used 45208K [0x00000000c0000000, 0x00000000c4300000, 0x00000000eab00000)
  object space 68608K, 65% used [0x00000000c0000000,0x00000000c2c260f0,0x00000000c4300000)
 Metaspace       used 51485K, committed 52352K, reserved 1097728K
  class space    used 5404K, committed 5760K, reserved 1048576K
}
Event: 6.013 GC heap after
{Heap after GC invocations=32 (full 2):
 PSYoungGen      total 17920K, used 3170K [0x00000000eab00000, 0x00000000ec100000, 0x0000000100000000)
  eden space 14336K, 0% used [0x00000000eab00000,0x00000000eab00000,0x00000000eb900000)
  from space 3584K, 88% used [0x00000000ebd80000,0x00000000ec0989d8,0x00000000ec100000)
  to   space 3584K, 0% used [0x00000000eb900000,0x00000000eb900000,0x00000000ebc80000)
 ParOldGen       total 68608K, used 48555K [0x00000000c0000000, 0x00000000c4300000, 0x00000000eab00000)
  object space 68608K, 70% used [0x00000000c0000000,0x00000000c2f6add8,0x00000000c4300000)
 Metaspace       used 51485K, committed 52352K, reserved 1097728K
  class space    used 5404K, committed 5760K, reserved 1048576K
}
Event: 6.049 GC heap before
{Heap before GC invocations=33 (full 2):
 PSYoungGen      total 17920K, used 17506K [0x00000000eab00000, 0x00000000ec100000, 0x0000000100000000)
  eden space 14336K, 100% used [0x00000000eab00000,0x00000000eb900000,0x00000000eb900000)
  from space 3584K, 88% used [0x00000000ebd80000,0x00000000ec0989d8,0x00000000ec100000)
  to   space 3584K, 0% used [0x00000000eb900000,0x00000000eb900000,0x00000000ebc80000)
 ParOldGen       total 68608K, used 48555K [0x00000000c0000000, 0x00000000c4300000, 0x00000000eab00000)
  object space 68608K, 70% used [0x00000000c0000000,0x00000000c2f6add8,0x00000000c4300000)
 Metaspace       used 51488K, committed 52352K, reserved 1097728K
  class space    used 5404K, committed 5760K, reserved 1048576K
}
Event: 6.052 GC heap after
{Heap after GC invocations=33 (full 2):
 PSYoungGen      total 17920K, used 3581K [0x00000000eab00000, 0x00000000ec700000, 0x0000000100000000)
  eden space 14336K, 0% used [0x00000000eab00000,0x00000000eab00000,0x00000000eb900000)
  from space 3584K, 99% used [0x00000000eb900000,0x00000000ebc7f760,0x00000000ebc80000)
  to   space 7168K, 0% used [0x00000000ec000000,0x00000000ec000000,0x00000000ec700000)
 ParOldGen       total 68608K, used 51419K [0x00000000c0000000, 0x00000000c4300000, 0x00000000eab00000)
  object space 68608K, 74% used [0x00000000c0000000,0x00000000c3236c68,0x00000000c4300000)
 Metaspace       used 51488K, committed 52352K, reserved 1097728K
  class space    used 5404K, committed 5760K, reserved 1048576K
}

