# JRE version: OpenJDK Runtime Environment Temurin-17.0.4.1+1 (17.0.4.1+1) (build 17.0.4.1+1)
# Java VM: OpenJDK 64-Bit Server VM Temurin-17.0.4.1+1 (17.0.4.1+1, mixed mode, tiered, compressed oops, compressed class ptrs, parallel gc, windows-amd64)
GC Precious Log:
 CPUs: 24 total, 24 available
 Memory: 16087M
 Large Page Support: Disabled
 NUMA Support: Disabled
 Compressed Oops: Enabled (32-bit)
 Alignments: Space 512K, Generation 512K, Heap 2M
 Heap Min Capacity: 100M
 Heap Initial Capacity: 100M
 Heap Max Capacity: 1G
 Pre-touch: Disabled
 Parallel Workers: 18
Heap:
 PSYoungGen      total 15360K, used 9644K [0x00000000eab00000, 0x00000000ec200000, 0x0000000100000000)
  eden space 12288K, 53% used [0x00000000eab00000,0x00000000eb175558,0x00000000eb700000)
  from space 3072K, 98% used [0x00000000ebf00000,0x00000000ec1f5b68,0x00000000ec200000)
  to   space 4096K, 0% used [0x00000000eba00000,0x00000000eba00000,0x00000000ebe00000)
 ParOldGen       total 187392K, used 165119K [0x00000000c0000000, 0x00000000cb700000, 0x00000000eab00000)
  object space 187392K, 88% used [0x00000000c0000000,0x00000000ca13ffb0,0x00000000cb700000)
 Metaspace       used 50642K, committed 51520K, reserved 1097728K
  class space    used 5310K, committed 5696K, reserved 1048576K
GC Heap History (20 events):
Event: 7.298 GC heap before
{Heap before GC invocations=73 (full 5):
 PSYoungGen      total 15360K, used 15356K [0x00000000eab00000, 0x00000000eca00000, 0x0000000100000000)
  eden space 12288K, 100% used [0x00000000eab00000,0x00000000eb700000,0x00000000eb700000)
  from space 3072K, 99% used [0x00000000ebf00000,0x00000000ec1ff148,0x00000000ec200000)
  to   space 8192K, 0% used [0x00000000eb700000,0x00000000eb700000,0x00000000ebf00000)
 ParOldGen       total 145408K, used 136253K [0x00000000c0000000, 0x00000000c8e00000, 0x00000000eab00000)
  object space 145408K, 93% used [0x00000000c0000000,0x00000000c850f7e8,0x00000000c8e00000)
 Metaspace       used 50620K, committed 51456K, reserved 1097728K
  class space    used 5309K, committed 5696K, reserved 1048576K
}
Event: 7.301 GC heap after
{Heap after GC invocations=73 (full 5):
 PSYoungGen      total 15872K, used 3159K [0x00000000eab00000, 0x00000000ec100000, 0x0000000100000000)
  eden space 12288K, 0% used [0x00000000eab00000,0x00000000eab00000,0x00000000eb700000)
  from space 3584K, 88% used [0x00000000eb700000,0x00000000eba15e20,0x00000000eba80000)
  to   space 5120K, 0% used [0x00000000ebc00000,0x00000000ebc00000,0x00000000ec100000)
 ParOldGen       total 145408K, used 139334K [0x00000000c0000000, 0x00000000c8e00000, 0x00000000eab00000)
  object space 145408K, 95% used [0x00000000c0000000,0x00000000c8811968,0x00000000c8e00000)
 Metaspace       used 50620K, committed 51456K, reserved 1097728K
  class space    used 5309K, committed 5696K, reserved 1048576K
}
Event: 7.324 GC heap before
{Heap before GC invocations=74 (full 5):
 PSYoungGen      total 15872K, used 15447K [0x00000000eab00000, 0x00000000ec100000, 0x0000000100000000)
  eden space 12288K, 100% used [0x00000000eab00000,0x00000000eb700000,0x00000000eb700000)
  from space 3584K, 88% used [0x00000000eb700000,0x00000000eba15e20,0x00000000eba80000)
  to   space 5120K, 0% used [0x00000000ebc00000,0x00000000ebc00000,0x00000000ec100000)
 ParOldGen       total 145408K, used 139334K [0x00000000c0000000, 0x00000000c8e00000, 0x00000000eab00000)
  object space 145408K, 95% used [0x00000000c0000000,0x00000000c8811968,0x00000000c8e00000)
 Metaspace       used 50620K, committed 51456K, reserved 1097728K
  class space    used 5309K, committed 5696K, reserved 1048576K
}
Event: 7.326 GC heap after
{Heap after GC invocations=74 (full 5):
 PSYoungGen      total 15872K, used 3328K [0x00000000eab00000, 0x00000000ebf80000, 0x0000000100000000)
  eden space 12288K, 0% used [0x00000000eab00000,0x00000000eab00000,0x00000000eb700000)
  from space 3584K, 92% used [0x00000000ebc00000,0x00000000ebf40320,0x00000000ebf80000)
  to   space 3584K, 0% used [0x00000000eb700000,0x00000000eb700000,0x00000000eba80000)
 ParOldGen       total 145408K, used 142283K [0x00000000c0000000, 0x00000000c8e00000, 0x00000000eab00000)
  object space 145408K, 97% used [0x00000000c0000000,0x00000000c8af2c68,0x00000000c8e00000)
 Metaspace       used 50620K, committed 51456K, reserved 1097728K
  class space    used 5309K, committed 5696K, reserved 1048576K
}
Event: 7.352 GC heap before
{Heap before GC invocations=75 (full 5):
 PSYoungGen      total 15872K, used 15616K [0x00000000eab00000, 0x00000000ebf80000, 0x0000000100000000)
  eden space 12288K, 100% used [0x00000000eab00000,0x00000000eb700000,0x00000000eb700000)
  from space 3584K, 92% used [0x00000000ebc00000,0x00000000ebf40320,0x00000000ebf80000)
  to   space 3584K, 0% used [0x00000000eb700000,0x00000000eb700000,0x00000000eba80000)
 ParOldGen       total 145408K, used 142283K [0x00000000c0000000, 0x00000000c8e00000, 0x00000000eab00000)
  object space 145408K, 97% used [0x00000000c0000000,0x00000000c8af2c68,0x00000000c8e00000)
 Metaspace       used 50621K, committed 51456K, reserved 1097728K
  class space    used 5309K, committed 5696K, reserved 1048576K
}
Event: 7.355 GC heap after
{Heap after GC invocations=75 (full 5):
 PSYoungGen      total 15872K, used 3297K [0x00000000eab00000, 0x00000000ebe00000, 0x0000000100000000)
  eden space 12288K, 0% used [0x00000000eab00000,0x00000000eab00000,0x00000000eb700000)
  from space 3584K, 91% used [0x00000000eb700000,0x00000000eba38450,0x00000000eba80000)
  to   space 3584K, 0% used [0x00000000eba80000,0x00000000eba80000,0x00000000ebe00000)
 ParOldGen       total 145408K, used 145367K [0x00000000c0000000, 0x00000000c8e00000, 0x00000000eab00000)
  object space 145408K, 99% used [0x00000000c0000000,0x00000000c8df5e80,0x00000000c8e00000)
 Metaspace       used 50621K, committed 51456K, reserved 1097728K
  class space    used 5309K, committed 5696K, reserved 1048576K
}
Event: 7.355 GC heap before
{Heap before GC invocations=76 (full 6):
 PSYoungGen      total 15872K, used 3297K [0x00000000eab00000, 0x00000000ebe00000, 0x0000000100000000)
  eden space 12288K, 0% used [0x00000000eab00000,0x00000000eab00000,0x00000000eb700000)
  from space 3584K, 91% used [0x00000000eb700000,0x00000000eba38450,0x00000000eba80000)
  to   space 3584K, 0% used [0x00000000eba80000,0x00000000eba80000,0x00000000ebe00000)
 ParOldGen       total 145408K, used 145367K [0x00000000c0000000, 0x00000000c8e00000, 0x00000000eab00000)
  object space 145408K, 99% used [0x00000000c0000000,0x00000000c8df5e80,0x00000000c8e00000)
 Metaspace       used 50621K, committed 51456K, reserved 1097728K
  class space    used 5309K, committed 5696K, reserved 1048576K
}
Event: 10.504 GC heap after
{Heap after GC invocations=76 (full 6):
 PSYoungGen      total 15872K, used 933K [0x00000000eab00000, 0x00000000ebf80000, 0x0000000100000000)
  eden space 12288K, 0% used [0x00000000eab00000,0x00000000eab00000,0x00000000eb700000)
  from space 3584K, 26% used [0x00000000eb700000,0x00000000eb7e96d8,0x00000000eba80000)
  to   space 3584K, 0% used [0x00000000ebc00000,0x00000000ebc00000,0x00000000ebf80000)
 ParOldGen       total 145408K, used 145089K [0x00000000c0000000, 0x00000000c8e00000, 0x00000000eab00000)
  object space 145408K, 99% used [0x00000000c0000000,0x00000000c8db06b8,0x00000000c8e00000)
 Metaspace       used 50621K, committed 51456K, reserved 1097728K
  class space    used 5309K, committed 5696K, reserved 1048576K
}
Event: 10.541 GC heap before
{Heap before GC invocations=77 (full 7):
 PSYoungGen      total 15872K, used 13221K [0x00000000eab00000, 0x00000000ebf80000, 0x0000000100000000)
  eden space 12288K, 100% used [0x00000000eab00000,0x00000000eb700000,0x00000000eb700000)
  from space 3584K, 26% used [0x00000000eb700000,0x00000000eb7e96d8,0x00000000eba80000)
  to   space 3584K, 0% used [0x00000000ebc00000,0x00000000ebc00000,0x00000000ebf80000)
 ParOldGen       total 145408K, used 145089K [0x00000000c0000000, 0x00000000c8e00000, 0x00000000eab00000)
  object space 145408K, 99% used [0x00000000c0000000,0x00000000c8db06b8,0x00000000c8e00000)
 Metaspace       used 50621K, committed 51456K, reserved 1097728K
  class space    used 5309K, committed 5696K, reserved 1048576K
}
Event: 10.593 GC heap after
{Heap after GC invocations=77 (full 7):
 PSYoungGen      total 14336K, used 3484K [0x00000000eab00000, 0x00000000ebe00000, 0x0000000100000000)
  eden space 12288K, 28% used [0x00000000eab00000,0x00000000eae671c8,0x00000000eb700000)
  from space 2048K, 0% used [0x00000000ebc00000,0x00000000ebc00000,0x00000000ebe00000)
  to   space 3584K, 0% used [0x00000000eb700000,0x00000000eb700000,0x00000000eba80000)
 ParOldGen       total 187392K, used 145296K [0x00000000c0000000, 0x00000000cb700000, 0x00000000eab00000)
  object space 187392K, 77% used [0x00000000c0000000,0x00000000c8de4088,0x00000000cb700000)
 Metaspace       used 50621K, committed 51456K, reserved 1097728K
  class space    used 5309K, committed 5696K, reserved 1048576K
}
Event: 10.622 GC heap before
{Heap before GC invocations=78 (full 7):
 PSYoungGen      total 14336K, used 12288K [0x00000000eab00000, 0x00000000ebe00000, 0x0000000100000000)
  eden space 12288K, 100% used [0x00000000eab00000,0x00000000eb700000,0x00000000eb700000)
  from space 2048K, 0% used [0x00000000ebc00000,0x00000000ebc00000,0x00000000ebe00000)
  to   space 3584K, 0% used [0x00000000eb700000,0x00000000eb700000,0x00000000eba80000)
 ParOldGen       total 187392K, used 145296K [0x00000000c0000000, 0x00000000cb700000, 0x00000000eab00000)
  object space 187392K, 77% used [0x00000000c0000000,0x00000000c8de4088,0x00000000cb700000)
 Metaspace       used 50621K, committed 51456K, reserved 1097728K
  class space    used 5309K, committed 5696K, reserved 1048576K
}
Event: 10.627 GC heap after
{Heap after GC invocations=78 (full 7):
 PSYoungGen      total 15872K, used 3562K [0x00000000eab00000, 0x00000000ec400000, 0x0000000100000000)
  eden space 12288K, 0% used [0x00000000eab00000,0x00000000eab00000,0x00000000eb700000)
  from space 3584K, 99% used [0x00000000eb700000,0x00000000eba7aa48,0x00000000eba80000)
  to   space 6656K, 0% used [0x00000000ebd80000,0x00000000ebd80000,0x00000000ec400000)
 ParOldGen       total 187392K, used 147519K [0x00000000c0000000, 0x00000000cb700000, 0x00000000eab00000)
  object space 187392K, 78% used [0x00000000c0000000,0x00000000c900fcc0,0x00000000cb700000)
 Metaspace       used 50621K, committed 51456K, reserved 1097728K
  class space    used 5309K, committed 5696K, reserved 1048576K
}
Event: 10.654 GC heap before
{Heap before GC invocations=79 (full 7):
 PSYoungGen      total 15872K, used 15850K [0x00000000eab00000, 0x00000000ec400000, 0x0000000100000000)
  eden space 12288K, 100% used [0x00000000eab00000,0x00000000eb700000,0x00000000eb700000)
  from space 3584K, 99% used [0x00000000eb700000,0x00000000eba7aa48,0x00000000eba80000)
  to   space 6656K, 0% used [0x00000000ebd80000,0x00000000ebd80000,0x00000000ec400000)
 ParOldGen       total 187392K, used 147519K [0x00000000c0000000, 0x00000000cb700000, 0x00000000eab00000)
  object space 187392K, 78% used [0x00000000c0000000,0x00000000c900fcc0,0x00000000cb700000)
 Metaspace       used 50621K, committed 51456K, reserved 1097728K
  class space    used 5309K, committed 5696K, reserved 1048576K
}
Event: 10.657 GC heap after
{Heap after GC invocations=79 (full 7):
 PSYoungGen      total 15872K, used 3259K [0x00000000eab00000, 0x00000000ec100000, 0x0000000100000000)
  eden space 12288K, 0% used [0x00000000eab00000,0x00000000eab00000,0x00000000eb700000)
  from space 3584K, 90% used [0x00000000ebd80000,0x00000000ec0aef90,0x00000000ec100000)
  to   space 4608K, 0% used [0x00000000eb800000,0x00000000eb800000,0x00000000ebc80000)
 ParOldGen       total 187392K, used 151099K [0x00000000c0000000, 0x00000000cb700000, 0x00000000eab00000)
  object space 187392K, 80% used [0x00000000c0000000,0x00000000c938ee28,0x00000000cb700000)
 Metaspace       used 50621K, committed 51456K, reserved 1097728K
  class space    used 5309K, committed 5696K, reserved 1048576K
}
Event: 10.723 GC heap before
{Heap before GC invocations=80 (full 7):
 PSYoungGen      total 15872K, used 15547K [0x00000000eab00000, 0x00000000ec100000, 0x0000000100000000)
  eden space 12288K, 100% used [0x00000000eab00000,0x00000000eb700000,0x00000000eb700000)
  from space 3584K, 90% used [0x00000000ebd80000,0x00000000ec0aef90,0x00000000ec100000)
  to   space 4608K, 0% used [0x00000000eb800000,0x00000000eb800000,0x00000000ebc80000)
 ParOldGen       total 187392K, used 151099K [0x00000000c0000000, 0x00000000cb700000, 0x00000000eab00000)
  object space 187392K, 80% used [0x00000000c0000000,0x00000000c938ee28,0x00000000cb700000)
 Metaspace       used 50628K, committed 51520K, reserved 1097728K
  class space    used 5310K, committed 5696K, reserved 1048576K
}
Event: 10.729 GC heap after
{Heap after GC invocations=80 (full 7):
 PSYoungGen      total 16896K, used 4595K [0x00000000eab00000, 0x00000000eca00000, 0x0000000100000000)
  eden space 12288K, 0% used [0x00000000eab00000,0x00000000eab00000,0x00000000eb700000)
  from space 4608K, 99% used [0x00000000eb800000,0x00000000ebc7cfa8,0x00000000ebc80000)
  to   space 9728K, 0% used [0x00000000ec080000,0x00000000ec080000,0x00000000eca00000)
 ParOldGen       total 187392K, used 154970K [0x00000000c0000000, 0x00000000cb700000, 0x00000000eab00000)
  object space 187392K, 82% used [0x00000000c0000000,0x00000000c9756960,0x00000000cb700000)
 Metaspace       used 50628K, committed 51520K, reserved 1097728K
  class space    used 5310K, committed 5696K, reserved 1048576K
}
Event: 11.767 GC heap before
{Heap before GC invocations=81 (full 7):
 PSYoungGen      total 16896K, used 16883K [0x00000000eab00000, 0x00000000eca00000, 0x0000000100000000)
  eden space 12288K, 100% used [0x00000000eab00000,0x00000000eb700000,0x00000000eb700000)
  from space 4608K, 99% used [0x00000000eb800000,0x00000000ebc7cfa8,0x00000000ebc80000)
  to   space 9728K, 0% used [0x00000000ec080000,0x00000000ec080000,0x00000000eca00000)
 ParOldGen       total 187392K, used 154970K [0x00000000c0000000, 0x00000000cb700000, 0x00000000eab00000)
  object space 187392K, 82% used [0x00000000c0000000,0x00000000c9756960,0x00000000cb700000)
 Metaspace       used 50628K, committed 51520K, reserved 1097728K
  class space    used 5310K, committed 5696K, reserved 1048576K
}
Event: 11.778 GC heap after
{Heap after GC invocations=81 (full 7):
 PSYoungGen      total 15872K, used 3187K [0x00000000eab00000, 0x00000000ec400000, 0x0000000100000000)
  eden space 12288K, 0% used [0x00000000eab00000,0x00000000eab00000,0x00000000eb700000)
  from space 3584K, 88% used [0x00000000ec080000,0x00000000ec39ce18,0x00000000ec400000)
  to   space 5120K, 0% used [0x00000000eba00000,0x00000000eba00000,0x00000000ebf00000)
 ParOldGen       total 187392K, used 159598K [0x00000000c0000000, 0x00000000cb700000, 0x00000000eab00000)
  object space 187392K, 85% used [0x00000000c0000000,0x00000000c9bdb958,0x00000000cb700000)
 Metaspace       used 50628K, committed 51520K, reserved 1097728K
  class space    used 5310K, committed 5696K, reserved 1048576K
}
Event: 12.772 GC heap before
{Heap before GC invocations=82 (full 7):
 PSYoungGen      total 15872K, used 15475K [0x00000000eab00000, 0x00000000ec400000, 0x0000000100000000)
  eden space 12288K, 100% used [0x00000000eab00000,0x00000000eb700000,0x00000000eb700000)
  from space 3584K, 88% used [0x00000000ec080000,0x00000000ec39ce18,0x00000000ec400000)
  to   space 5120K, 0% used [0x00000000eba00000,0x00000000eba00000,0x00000000ebf00000)
 ParOldGen       total 187392K, used 159598K [0x00000000c0000000, 0x00000000cb700000, 0x00000000eab00000)
  object space 187392K, 85% used [0x00000000c0000000,0x00000000c9bdb958,0x00000000cb700000)
 Metaspace       used 50632K, committed 51520K, reserved 1097728K
  class space    used 5310K, committed 5696K, reserved 1048576K
}
Event: 12.780 GC heap after
{Heap after GC invocations=82 (full 7):
 PSYoungGen      total 17408K, used 5114K [0x00000000eab00000, 0x00000000ec300000, 0x0000000100000000)
  eden space 12288K, 0% used [0x00000000eab00000,0x00000000eab00000,0x00000000eb700000)
  from space 5120K, 99% used [0x00000000eba00000,0x00000000ebefe8a0,0x00000000ebf00000)
  to   space 4096K, 0% used [0x00000000ebf00000,0x00000000ebf00000,0x00000000ec300000)
 ParOldGen       total 187392K, used 159989K [0x00000000c0000000, 0x00000000cb700000, 0x00000000eab00000)
  object space 187392K, 85% used [0x00000000c0000000,0x00000000c9c3d468,0x00000000cb700000)
 Metaspace       used 50632K, committed 51520K, reserved 1097728K
  class space    used 5310K, committed 5696K, reserved 1048576K
}

